<?xml version="1.0" encoding="utf-8"?><testsuites><testsuite name="pytest" errors="0" failures="0" skipped="0" tests="15" time="1.443" timestamp="2025-03-06T23:28:12.979506-08:00" hostname="Apple.local"><testcase classname="tests.test_youtube_captions.TestYouTubeCaptionClient" name="test_get_caption_content_no_tracks" time="0.000" /><testcase classname="tests.test_youtube_captions.TestYouTubeCaptionClient" name="test_get_caption_content_with_tracks" time="0.000" /><testcase classname="tests.test_youtube_captions.TestYouTubeCaptionClient" name="test_get_captions_alternative_empty" time="0.000" /><testcase classname="tests.test_youtube_captions.TestYouTubeCaptionClient" name="test_get_captions_alternative_not_available" time="0.000" /><testcase classname="tests.test_youtube_captions.TestYouTubeCaptionClient" name="test_get_captions_alternative_success" time="0.000" /><testcase classname="tests.test_youtube_captions.TestYouTubeCaptionClient" name="test_get_video_info_api_error" time="0.000" /><testcase classname="tests.test_youtube_captions.TestYouTubeCaptionClient" name="test_get_video_info_not_found" time="0.000" /><testcase classname="tests.test_youtube_captions.TestYouTubeCaptionClient" name="test_get_video_info_success" time="0.000" /><testcase classname="tests.test_youtube_captions.TestYouTubeCaptionClient" name="test_list_caption_tracks_empty" time="0.000" /><testcase classname="tests.test_youtube_captions.TestYouTubeCaptionClient" name="test_list_caption_tracks_error" time="0.000" /><testcase classname="tests.test_youtube_captions.TestYouTubeCaptionClient" name="test_list_caption_tracks_success" time="0.000" /><testcase classname="tests.test_grpc_server.TestTranscriptionServicer" name="test_fetch_youtube_captions" time="0.000" /><testcase classname="tests.test_grpc_server.TestTranscriptionServicer" name="test_transcribe" time="0.000" /><testcase classname="tests.test_grpc_server.TestTranscriptionServicer" name="test_transcribe_with_progress" time="0.000" /><testcase classname="tests.test_grpc_server.TestTranscriptionServicer" name="test_validate" time="0.000" /></testsuite></testsuites>